<ShowPlanXML xmlns="http://schemas.microsoft.com/sqlserver/2004/07/showplan" Version="1.557" Build="15.0.2000.1574">
	<BatchSequence>
		<Batch>
			<Statements>
				<StmtSimple StatementText="SELECT T1.a, T1.b, SUM(T1.c) AS Sum_Tc, T2.x &#xa;FROM T1 &#xa;LEFT OUTER JOIN T2 ON T1.a = T2.a AND T1.c &gt; T2.x &#xa;LEFT OUTER JOIN T3 ON T2.x = T3.x &#xa;GROUP BY T1.a, T1.b, T2.x" StatementId="1" StatementCompId="1" StatementType="SELECT" RetrievedFromCache="true" StatementSubTreeCost="0.063821" StatementEstRows="234" SecurityPolicyApplied="false" StatementOptmLevel="FULL" QueryHash="0xB0400B07BE53406A" QueryPlanHash="0x778B2E891BE01152" StatementOptmEarlyAbortReason="GoodEnoughPlanFound" CardinalityEstimationModelVersion="150">
					<StatementSetOptions QUOTED_IDENTIFIER="true" ARITHABORT="true" CONCAT_NULL_YIELDS_NULL="true" ANSI_NULLS="true" ANSI_PADDING="true" ANSI_WARNINGS="true" NUMERIC_ROUNDABORT="false">
					</StatementSetOptions>
					<QueryPlan DegreeOfParallelism="1" MemoryGrant="1616" CachedPlanSize="64" CompileTime="33" CompileCPU="30" CompileMemory="344">
						<MemoryGrantInfo SerialRequiredMemory="1536" SerialDesiredMemory="1616" RequiredMemory="1536" DesiredMemory="1616" RequestedMemory="1616" GrantWaitTime="0" MaxQueryMemory="458160" GrantedMemory="1616" MaxUsedMemory="40">
						</MemoryGrantInfo>
						<OptimizerHardwareDependentProperties EstimatedAvailableMemoryGrant="80358" EstimatedPagesCached="20089" EstimatedAvailableDegreeOfParallelism="2" MaxCompileMemory="1778424">
						</OptimizerHardwareDependentProperties>
						<OptimizerStatsUsage>
							<StatisticsInfo LastUpdate="2024-04-30T17:43:27.22" ModificationCount="0" SamplingPercent="100" Statistics="[idx_T1_c]" Table="[T1]" Schema="[dbo]" Database="[Projectpt2]">
							</StatisticsInfo>
							<StatisticsInfo LastUpdate="2024-04-30T17:43:27.23" ModificationCount="0" SamplingPercent="100" Statistics="[idx_T1_a]" Table="[T1]" Schema="[dbo]" Database="[Projectpt2]">
							</StatisticsInfo>
							<StatisticsInfo LastUpdate="2024-04-30T17:43:27.24" ModificationCount="0" SamplingPercent="100" Statistics="[_WA_Sys_00000002_3B75D760]" Table="[T1]" Schema="[dbo]" Database="[Projectpt2]">
							</StatisticsInfo>
						</OptimizerStatsUsage>
						<TraceFlags IsCompileTime="1">
							<TraceFlag Value="822" Scope="Global">
							</TraceFlag>
							<TraceFlag Value="833" Scope="Global">
							</TraceFlag>
							<TraceFlag Value="835" Scope="Global">
							</TraceFlag>
							<TraceFlag Value="851" Scope="Global">
							</TraceFlag>
							<TraceFlag Value="3425" Scope="Global">
							</TraceFlag>
							<TraceFlag Value="5504" Scope="Global">
							</TraceFlag>
							<TraceFlag Value="8052" Scope="Global">
							</TraceFlag>
							<TraceFlag Value="8076" Scope="Global">
							</TraceFlag>
							<TraceFlag Value="8904" Scope="Global">
							</TraceFlag>
							<TraceFlag Value="9038" Scope="Global">
							</TraceFlag>
						</TraceFlags>
						<TraceFlags IsCompileTime="0">
							<TraceFlag Value="822" Scope="Global">
							</TraceFlag>
							<TraceFlag Value="833" Scope="Global">
							</TraceFlag>
							<TraceFlag Value="835" Scope="Global">
							</TraceFlag>
							<TraceFlag Value="851" Scope="Global">
							</TraceFlag>
							<TraceFlag Value="3425" Scope="Global">
							</TraceFlag>
							<TraceFlag Value="5504" Scope="Global">
							</TraceFlag>
							<TraceFlag Value="8052" Scope="Global">
							</TraceFlag>
							<TraceFlag Value="8076" Scope="Global">
							</TraceFlag>
							<TraceFlag Value="8904" Scope="Global">
							</TraceFlag>
							<TraceFlag Value="9038" Scope="Global">
							</TraceFlag>
						</TraceFlags>
						<QueryTimeStats ElapsedTime="1" CpuTime="1">
						</QueryTimeStats>
						<RelOp NodeId="0" PhysicalOp="Compute Scalar" LogicalOp="Compute Scalar" EstimateRows="234" EstimateIO="0" EstimateCPU="0" AvgRowSize="23" EstimatedTotalSubtreeCost="0.063821" Parallel="0" EstimateRebinds="0" EstimateRewinds="0" EstimatedExecutionMode="Row">
							<OutputList>
								<ColumnReference Database="[Projectpt2]" Schema="[dbo]" Table="[T1]" Column="a">
								</ColumnReference>
								<ColumnReference Database="[Projectpt2]" Schema="[dbo]" Table="[T1]" Column="b">
								</ColumnReference>
								<ColumnReference Database="[Projectpt2]" Schema="[dbo]" Table="[T2]" Column="x">
								</ColumnReference>
								<ColumnReference Column="Expr1009">
								</ColumnReference>
							</OutputList>
							<ComputeScalar>
								<DefinedValues>
									<DefinedValue>
										<ColumnReference Column="Expr1009">
										</ColumnReference>
										<ScalarOperator ScalarString="CASE WHEN [Expr1010]=(0) THEN NULL ELSE [Expr1011] END">
											<IF>
												<Condition>
													<ScalarOperator>
														<Compare CompareOp="EQ">
															<ScalarOperator>
																<Identifier>
																	<ColumnReference Column="Expr1010">
																	</ColumnReference>
																</Identifier>
															</ScalarOperator>
															<ScalarOperator>
																<Const ConstValue="(0)">
																</Const>
															</ScalarOperator>
														</Compare>
													</ScalarOperator>
												</Condition>
												<Then>
													<ScalarOperator>
														<Const ConstValue="NULL">
														</Const>
													</ScalarOperator>
												</Then>
												<Else>
													<ScalarOperator>
														<Identifier>
															<ColumnReference Column="Expr1011">
															</ColumnReference>
														</Identifier>
													</ScalarOperator>
												</Else>
											</IF>
										</ScalarOperator>
									</DefinedValue>
								</DefinedValues>
								<RelOp NodeId="1" PhysicalOp="Stream Aggregate" LogicalOp="Aggregate" EstimateRows="234" EstimateIO="0" EstimateCPU="0.000327" AvgRowSize="23" EstimatedTotalSubtreeCost="0.063821" Parallel="0" EstimateRebinds="0" EstimateRewinds="0" EstimatedExecutionMode="Row">
									<OutputList>
										<ColumnReference Database="[Projectpt2]" Schema="[dbo]" Table="[T1]" Column="a">
										</ColumnReference>
										<ColumnReference Database="[Projectpt2]" Schema="[dbo]" Table="[T1]" Column="b">
										</ColumnReference>
										<ColumnReference Database="[Projectpt2]" Schema="[dbo]" Table="[T2]" Column="x">
										</ColumnReference>
										<ColumnReference Column="Expr1010">
										</ColumnReference>
										<ColumnReference Column="Expr1011">
										</ColumnReference>
									</OutputList>
									<RunTimeInformation>
										<RunTimeCountersPerThread Thread="0" ActualRows="234" Batches="0" ActualElapsedms="0" ActualCPUms="0" ActualEndOfScans="1" ActualExecutions="1" ActualExecutionMode="Row">
										</RunTimeCountersPerThread>
									</RunTimeInformation>
									<StreamAggregate>
										<DefinedValues>
											<DefinedValue>
												<ColumnReference Column="Expr1010">
												</ColumnReference>
												<ScalarOperator ScalarString="COUNT_BIG([Projectpt2].[dbo].[T1].[c])">
													<Aggregate Distinct="0" AggType="COUNT_BIG">
														<ScalarOperator>
															<Identifier>
																<ColumnReference Database="[Projectpt2]" Schema="[dbo]" Table="[T1]" Column="c">
																</ColumnReference>
															</Identifier>
														</ScalarOperator>
													</Aggregate>
												</ScalarOperator>
											</DefinedValue>
											<DefinedValue>
												<ColumnReference Column="Expr1011">
												</ColumnReference>
												<ScalarOperator ScalarString="SUM([Projectpt2].[dbo].[T1].[c])">
													<Aggregate Distinct="0" AggType="SUM">
														<ScalarOperator>
															<Identifier>
																<ColumnReference Database="[Projectpt2]" Schema="[dbo]" Table="[T1]" Column="c">
																</ColumnReference>
															</Identifier>
														</ScalarOperator>
													</Aggregate>
												</ScalarOperator>
											</DefinedValue>
										</DefinedValues>
										<GroupBy>
											<ColumnReference Database="[Projectpt2]" Schema="[dbo]" Table="[T1]" Column="a">
											</ColumnReference>
											<ColumnReference Database="[Projectpt2]" Schema="[dbo]" Table="[T1]" Column="b">
											</ColumnReference>
											<ColumnReference Database="[Projectpt2]" Schema="[dbo]" Table="[T2]" Column="x">
											</ColumnReference>
										</GroupBy>
										<RelOp NodeId="2" PhysicalOp="Nested Loops" LogicalOp="Left Outer Join" EstimateRows="350" EstimateIO="0" EstimateCPU="0.00097812" AvgRowSize="23" EstimatedTotalSubtreeCost="0.063494" Parallel="0" EstimateRebinds="0" EstimateRewinds="0" EstimatedExecutionMode="Row">
											<OutputList>
												<ColumnReference Database="[Projectpt2]" Schema="[dbo]" Table="[T1]" Column="a">
												</ColumnReference>
												<ColumnReference Database="[Projectpt2]" Schema="[dbo]" Table="[T1]" Column="b">
												</ColumnReference>
												<ColumnReference Database="[Projectpt2]" Schema="[dbo]" Table="[T1]" Column="c">
												</ColumnReference>
												<ColumnReference Database="[Projectpt2]" Schema="[dbo]" Table="[T2]" Column="x">
												</ColumnReference>
											</OutputList>
											<RunTimeInformation>
												<RunTimeCountersPerThread Thread="0" ActualRows="234" Batches="0" ActualElapsedms="0" ActualCPUms="0" ActualEndOfScans="1" ActualExecutions="1" ActualExecutionMode="Row">
												</RunTimeCountersPerThread>
											</RunTimeInformation>
											<NestedLoops Optimized="0">
												<Predicate>
													<ScalarOperator ScalarString="[Projectpt2].[dbo].[T2].[x]=[Projectpt2].[dbo].[T3].[x]">
														<Compare CompareOp="EQ">
															<ScalarOperator>
																<Identifier>
																	<ColumnReference Database="[Projectpt2]" Schema="[dbo]" Table="[T2]" Column="x">
																	</ColumnReference>
																</Identifier>
															</ScalarOperator>
															<ScalarOperator>
																<Identifier>
																	<ColumnReference Database="[Projectpt2]" Schema="[dbo]" Table="[T3]" Column="x">
																	</ColumnReference>
																</Identifier>
															</ScalarOperator>
														</Compare>
													</ScalarOperator>
												</Predicate>
												<RelOp NodeId="3" PhysicalOp="Sort" LogicalOp="Sort" EstimateRows="234" EstimateIO="0.0112613" EstimateCPU="0.00297302" AvgRowSize="23" EstimatedTotalSubtreeCost="0.0406158" Parallel="0" EstimateRebinds="0" EstimateRewinds="0" EstimatedExecutionMode="Row">
													<OutputList>
														<ColumnReference Database="[Projectpt2]" Schema="[dbo]" Table="[T1]" Column="a">
														</ColumnReference>
														<ColumnReference Database="[Projectpt2]" Schema="[dbo]" Table="[T1]" Column="b">
														</ColumnReference>
														<ColumnReference Database="[Projectpt2]" Schema="[dbo]" Table="[T1]" Column="c">
														</ColumnReference>
														<ColumnReference Database="[Projectpt2]" Schema="[dbo]" Table="[T2]" Column="x">
														</ColumnReference>
													</OutputList>
													<MemoryFractions Input="0.6" Output="1">
													</MemoryFractions>
													<RunTimeInformation>
														<RunTimeCountersPerThread Thread="0" ActualRows="234" Batches="0" ActualElapsedms="0" ActualCPUms="0" ActualScans="0" ActualLogicalReads="0" ActualPhysicalReads="0" ActualReadAheads="0" ActualLobLogicalReads="0" ActualLobPhysicalReads="0" ActualLobReadAheads="0" ActualRebinds="1" ActualRewinds="0" ActualEndOfScans="1" ActualExecutions="1" InputMemoryGrant="560" OutputMemoryGrant="208" UsedMemoryGrant="24" ActualExecutionMode="Row">
														</RunTimeCountersPerThread>
													</RunTimeInformation>
													<Sort Distinct="0">
														<OrderBy>
															<OrderByColumn Ascending="1">
																<ColumnReference Database="[Projectpt2]" Schema="[dbo]" Table="[T1]" Column="a">
																</ColumnReference>
															</OrderByColumn>
															<OrderByColumn Ascending="1">
																<ColumnReference Database="[Projectpt2]" Schema="[dbo]" Table="[T1]" Column="b">
																</ColumnReference>
															</OrderByColumn>
															<OrderByColumn Ascending="1">
																<ColumnReference Database="[Projectpt2]" Schema="[dbo]" Table="[T2]" Column="x">
																</ColumnReference>
															</OrderByColumn>
														</OrderBy>
														<RelOp NodeId="4" PhysicalOp="Hash Match" LogicalOp="Right Outer Join" EstimateRows="234" EstimateIO="0" EstimateCPU="0.019552" AvgRowSize="23" EstimatedTotalSubtreeCost="0.0263815" Parallel="0" EstimateRebinds="0" EstimateRewinds="0" EstimatedExecutionMode="Row">
															<OutputList>
																<ColumnReference Database="[Projectpt2]" Schema="[dbo]" Table="[T1]" Column="a">
																</ColumnReference>
																<ColumnReference Database="[Projectpt2]" Schema="[dbo]" Table="[T1]" Column="b">
																</ColumnReference>
																<ColumnReference Database="[Projectpt2]" Schema="[dbo]" Table="[T1]" Column="c">
																</ColumnReference>
																<ColumnReference Database="[Projectpt2]" Schema="[dbo]" Table="[T2]" Column="x">
																</ColumnReference>
															</OutputList>
															<MemoryFractions Input="1" Output="0.4">
															</MemoryFractions>
															<RunTimeInformation>
																<RunTimeCountersPerThread Thread="0" ActualRows="234" Batches="0" ActualElapsedms="0" ActualCPUms="0" ActualScans="0" ActualLogicalReads="0" ActualPhysicalReads="0" ActualReadAheads="0" ActualLobLogicalReads="0" ActualLobPhysicalReads="0" ActualLobReadAheads="0" ActualEndOfScans="1" ActualExecutions="1" InputMemoryGrant="1104" OutputMemoryGrant="1056" UsedMemoryGrant="32" ActualExecutionMode="Row">
																</RunTimeCountersPerThread>
															</RunTimeInformation>
															<Hash>
																<DefinedValues>
																</DefinedValues>
																<HashKeysBuild>
																	<ColumnReference Database="[Projectpt2]" Schema="[dbo]" Table="[T2]" Column="a">
																	</ColumnReference>
																</HashKeysBuild>
																<HashKeysProbe>
																	<ColumnReference Database="[Projectpt2]" Schema="[dbo]" Table="[T1]" Column="a">
																	</ColumnReference>
																</HashKeysProbe>
																<ProbeResidual>
																	<ScalarOperator ScalarString="[Projectpt2].[dbo].[T1].[a]=[Projectpt2].[dbo].[T2].[a] AND [Projectpt2].[dbo].[T1].[c]&gt;[Projectpt2].[dbo].[T2].[x]">
																		<Logical Operation="AND">
																			<ScalarOperator>
																				<Compare CompareOp="EQ">
																					<ScalarOperator>
																						<Identifier>
																							<ColumnReference Database="[Projectpt2]" Schema="[dbo]" Table="[T1]" Column="a">
																							</ColumnReference>
																						</Identifier>
																					</ScalarOperator>
																					<ScalarOperator>
																						<Identifier>
																							<ColumnReference Database="[Projectpt2]" Schema="[dbo]" Table="[T2]" Column="a">
																							</ColumnReference>
																						</Identifier>
																					</ScalarOperator>
																				</Compare>
																			</ScalarOperator>
																			<ScalarOperator>
																				<Compare CompareOp="GT">
																					<ScalarOperator>
																						<Identifier>
																							<ColumnReference Database="[Projectpt2]" Schema="[dbo]" Table="[T1]" Column="c">
																							</ColumnReference>
																						</Identifier>
																					</ScalarOperator>
																					<ScalarOperator>
																						<Identifier>
																							<ColumnReference Database="[Projectpt2]" Schema="[dbo]" Table="[T2]" Column="x">
																							</ColumnReference>
																						</Identifier>
																					</ScalarOperator>
																				</Compare>
																			</ScalarOperator>
																		</Logical>
																	</ScalarOperator>
																</ProbeResidual>
																<RelOp NodeId="5" PhysicalOp="Clustered Index Scan" LogicalOp="Clustered Index Scan" EstimateRows="1" EstimatedRowsRead="1" EstimateIO="0.003125" EstimateCPU="0.0001581" AvgRowSize="15" EstimatedTotalSubtreeCost="0.0032831" TableCardinality="0" Parallel="0" EstimateRebinds="0" EstimateRewinds="0" EstimatedExecutionMode="Row">
																	<OutputList>
																		<ColumnReference Database="[Projectpt2]" Schema="[dbo]" Table="[T2]" Column="a">
																		</ColumnReference>
																		<ColumnReference Database="[Projectpt2]" Schema="[dbo]" Table="[T2]" Column="x">
																		</ColumnReference>
																	</OutputList>
																	<RunTimeInformation>
																		<RunTimeCountersPerThread Thread="0" ActualRows="0" Batches="0" ActualElapsedms="0" ActualCPUms="0" ActualScans="1" ActualLogicalReads="0" ActualPhysicalReads="0" ActualReadAheads="0" ActualLobLogicalReads="0" ActualLobPhysicalReads="0" ActualLobReadAheads="0" ActualEndOfScans="1" ActualExecutions="1" ActualExecutionMode="Row">
																		</RunTimeCountersPerThread>
																	</RunTimeInformation>
																	<IndexScan Ordered="0" ForcedIndex="0" ForceScan="0" NoExpandHint="0" Storage="RowStore">
																		<DefinedValues>
																			<DefinedValue>
																				<ColumnReference Database="[Projectpt2]" Schema="[dbo]" Table="[T2]" Column="a">
																				</ColumnReference>
																			</DefinedValue>
																			<DefinedValue>
																				<ColumnReference Database="[Projectpt2]" Schema="[dbo]" Table="[T2]" Column="x">
																				</ColumnReference>
																			</DefinedValue>
																		</DefinedValues>
																		<Object Database="[Projectpt2]" Schema="[dbo]" Table="[T2]" Index="[idx_T2_a]" IndexKind="Clustered" Storage="RowStore">
																		</Object>
																	</IndexScan>
																</RelOp>
																<RelOp NodeId="6" PhysicalOp="Clustered Index Scan" LogicalOp="Clustered Index Scan" EstimateRows="234" EstimatedRowsRead="234" EstimateIO="0.003125" EstimateCPU="0.0004144" AvgRowSize="19" EstimatedTotalSubtreeCost="0.0035394" TableCardinality="234" Parallel="0" EstimateRebinds="0" EstimateRewinds="0" EstimatedExecutionMode="Row">
																	<OutputList>
																		<ColumnReference Database="[Projectpt2]" Schema="[dbo]" Table="[T1]" Column="a">
																		</ColumnReference>
																		<ColumnReference Database="[Projectpt2]" Schema="[dbo]" Table="[T1]" Column="b">
																		</ColumnReference>
																		<ColumnReference Database="[Projectpt2]" Schema="[dbo]" Table="[T1]" Column="c">
																		</ColumnReference>
																	</OutputList>
																	<RunTimeInformation>
																		<RunTimeCountersPerThread Thread="0" ActualRows="234" Batches="0" ActualElapsedms="0" ActualCPUms="0" ActualScans="1" ActualLogicalReads="2" ActualPhysicalReads="0" ActualReadAheads="0" ActualLobLogicalReads="0" ActualLobPhysicalReads="0" ActualLobReadAheads="0" ActualRowsRead="234" ActualEndOfScans="1" ActualExecutions="1" ActualExecutionMode="Row">
																		</RunTimeCountersPerThread>
																	</RunTimeInformation>
																	<IndexScan Ordered="0" ForcedIndex="0" ForceScan="0" NoExpandHint="0" Storage="RowStore">
																		<DefinedValues>
																			<DefinedValue>
																				<ColumnReference Database="[Projectpt2]" Schema="[dbo]" Table="[T1]" Column="a">
																				</ColumnReference>
																			</DefinedValue>
																			<DefinedValue>
																				<ColumnReference Database="[Projectpt2]" Schema="[dbo]" Table="[T1]" Column="b">
																				</ColumnReference>
																			</DefinedValue>
																			<DefinedValue>
																				<ColumnReference Database="[Projectpt2]" Schema="[dbo]" Table="[T1]" Column="c">
																				</ColumnReference>
																			</DefinedValue>
																		</DefinedValues>
																		<Object Database="[Projectpt2]" Schema="[dbo]" Table="[T1]" Index="[idx_T1_a]" IndexKind="Clustered" Storage="RowStore">
																		</Object>
																	</IndexScan>
																</RelOp>
															</Hash>
														</RelOp>
													</Sort>
												</RelOp>
												<RelOp NodeId="7" PhysicalOp="Clustered Index Scan" LogicalOp="Clustered Index Scan" EstimateRows="1" EstimatedRowsRead="1" EstimateIO="0.0032035" EstimateCPU="7.96e-05" AvgRowSize="11" EstimatedTotalSubtreeCost="0.0218299" TableCardinality="0" Parallel="0" EstimateRebinds="0" EstimateRewinds="233" EstimatedExecutionMode="Row">
													<OutputList>
														<ColumnReference Database="[Projectpt2]" Schema="[dbo]" Table="[T3]" Column="x">
														</ColumnReference>
													</OutputList>
													<RunTimeInformation>
														<RunTimeCountersPerThread Thread="0" ActualRows="0" Batches="0" ActualElapsedms="0" ActualCPUms="0" ActualScans="1" ActualLogicalReads="0" ActualPhysicalReads="0" ActualReadAheads="0" ActualLobLogicalReads="0" ActualLobPhysicalReads="0" ActualLobReadAheads="0" ActualEndOfScans="234" ActualExecutions="234" ActualExecutionMode="Row">
														</RunTimeCountersPerThread>
													</RunTimeInformation>
													<IndexScan Ordered="0" ForcedIndex="0" ForceScan="0" NoExpandHint="0" Storage="RowStore">
														<DefinedValues>
															<DefinedValue>
																<ColumnReference Database="[Projectpt2]" Schema="[dbo]" Table="[T3]" Column="x">
																</ColumnReference>
															</DefinedValue>
														</DefinedValues>
														<Object Database="[Projectpt2]" Schema="[dbo]" Table="[T3]" Index="[idx_T3_x]" IndexKind="Clustered" Storage="RowStore">
														</Object>
													</IndexScan>
												</RelOp>
											</NestedLoops>
										</RelOp>
									</StreamAggregate>
								</RelOp>
							</ComputeScalar>
						</RelOp>
					</QueryPlan>
				</StmtSimple>
			</Statements>
		</Batch>
	</BatchSequence>
</ShowPlanXML>
