<ShowPlanXML xmlns="http://schemas.microsoft.com/sqlserver/2004/07/showplan" Version="1.557" Build="15.0.2000.1574">
	<BatchSequence>
		<Batch>
			<Statements>
				<StmtSimple StatementText="SELECT T1.a, T1.b, SUM(T1.c) AS Sum_Tc, T2.x &#xa;FROM T1 &#xa;LEFT OUTER JOIN T2 ON T1.a = T2.a AND T1.c &gt; T2.x &#xa;LEFT OUTER JOIN T3 ON T2.x = T3.x &#xa;GROUP BY T1.a, T1.b, T2.x" StatementId="1" StatementCompId="1" StatementType="SELECT" RetrievedFromCache="true" StatementSubTreeCost="0.946609" StatementEstRows="10000" SecurityPolicyApplied="false" StatementOptmLevel="FULL" QueryHash="0xB0400B07BE53406A" QueryPlanHash="0xF03B55071E87E2B7" CardinalityEstimationModelVersion="150">
					<StatementSetOptions QUOTED_IDENTIFIER="true" ARITHABORT="true" CONCAT_NULL_YIELDS_NULL="true" ANSI_NULLS="true" ANSI_PADDING="true" ANSI_WARNINGS="true" NUMERIC_ROUNDABORT="false">
					</StatementSetOptions>
					<QueryPlan DegreeOfParallelism="1" MemoryGrant="7680" CachedPlanSize="96" CompileTime="88" CompileCPU="85" CompileMemory="400">
						<MemoryGrantInfo SerialRequiredMemory="3072" SerialDesiredMemory="7680" RequiredMemory="3072" DesiredMemory="7680" RequestedMemory="7680" GrantWaitTime="0" MaxQueryMemory="458160" GrantedMemory="7680" MaxUsedMemory="2696">
						</MemoryGrantInfo>
						<OptimizerHardwareDependentProperties EstimatedAvailableMemoryGrant="80358" EstimatedPagesCached="20089" EstimatedAvailableDegreeOfParallelism="2" MaxCompileMemory="1775464">
						</OptimizerHardwareDependentProperties>
						<OptimizerStatsUsage>
							<StatisticsInfo LastUpdate="2024-04-30T17:46:04.62" ModificationCount="0" SamplingPercent="100" Statistics="[_WA_Sys_00000003_403A8C7D]" Table="[T2]" Schema="[dbo]" Database="[Projectpt2]">
							</StatisticsInfo>
							<StatisticsInfo LastUpdate="2024-04-30T17:46:04.59" ModificationCount="0" SamplingPercent="100" Statistics="[idx_T1_c]" Table="[T1]" Schema="[dbo]" Database="[Projectpt2]">
							</StatisticsInfo>
							<StatisticsInfo LastUpdate="2024-04-30T17:46:04.63" ModificationCount="0" SamplingPercent="100" Statistics="[idx_T3_x]" Table="[T3]" Schema="[dbo]" Database="[Projectpt2]">
							</StatisticsInfo>
							<StatisticsInfo LastUpdate="2024-04-30T17:46:04.61" ModificationCount="0" SamplingPercent="100" Statistics="[idx_T2_a]" Table="[T2]" Schema="[dbo]" Database="[Projectpt2]">
							</StatisticsInfo>
							<StatisticsInfo LastUpdate="2024-04-30T17:46:04.64" ModificationCount="0" SamplingPercent="100" Statistics="[_WA_Sys_00000002_3F466844]" Table="[T1]" Schema="[dbo]" Database="[Projectpt2]">
							</StatisticsInfo>
							<StatisticsInfo LastUpdate="2024-04-30T17:46:04.60" ModificationCount="0" SamplingPercent="100" Statistics="[idx_T1_a]" Table="[T1]" Schema="[dbo]" Database="[Projectpt2]">
							</StatisticsInfo>
						</OptimizerStatsUsage>
						<TraceFlags IsCompileTime="1">
							<TraceFlag Value="822" Scope="Global">
							</TraceFlag>
							<TraceFlag Value="833" Scope="Global">
							</TraceFlag>
							<TraceFlag Value="835" Scope="Global">
							</TraceFlag>
							<TraceFlag Value="851" Scope="Global">
							</TraceFlag>
							<TraceFlag Value="3425" Scope="Global">
							</TraceFlag>
							<TraceFlag Value="5504" Scope="Global">
							</TraceFlag>
							<TraceFlag Value="8052" Scope="Global">
							</TraceFlag>
							<TraceFlag Value="8076" Scope="Global">
							</TraceFlag>
							<TraceFlag Value="8904" Scope="Global">
							</TraceFlag>
							<TraceFlag Value="9038" Scope="Global">
							</TraceFlag>
						</TraceFlags>
						<TraceFlags IsCompileTime="0">
							<TraceFlag Value="822" Scope="Global">
							</TraceFlag>
							<TraceFlag Value="833" Scope="Global">
							</TraceFlag>
							<TraceFlag Value="835" Scope="Global">
							</TraceFlag>
							<TraceFlag Value="851" Scope="Global">
							</TraceFlag>
							<TraceFlag Value="3425" Scope="Global">
							</TraceFlag>
							<TraceFlag Value="5504" Scope="Global">
							</TraceFlag>
							<TraceFlag Value="8052" Scope="Global">
							</TraceFlag>
							<TraceFlag Value="8076" Scope="Global">
							</TraceFlag>
							<TraceFlag Value="8904" Scope="Global">
							</TraceFlag>
							<TraceFlag Value="9038" Scope="Global">
							</TraceFlag>
						</TraceFlags>
						<WaitStats>
							<Wait WaitType="RESERVED_MEMORY_ALLOCATION_EXT" WaitTimeMs="3" WaitCount="337">
							</Wait>
						</WaitStats>
						<QueryTimeStats ElapsedTime="48" CpuTime="48">
						</QueryTimeStats>
						<RelOp NodeId="0" PhysicalOp="Compute Scalar" LogicalOp="Compute Scalar" EstimateRows="10000" EstimateIO="0" EstimateCPU="0" AvgRowSize="23" EstimatedTotalSubtreeCost="0.946609" Parallel="0" EstimateRebinds="0" EstimateRewinds="0" EstimatedExecutionMode="Row">
							<OutputList>
								<ColumnReference Database="[Projectpt2]" Schema="[dbo]" Table="[T1]" Column="a">
								</ColumnReference>
								<ColumnReference Database="[Projectpt2]" Schema="[dbo]" Table="[T1]" Column="b">
								</ColumnReference>
								<ColumnReference Database="[Projectpt2]" Schema="[dbo]" Table="[T2]" Column="x">
								</ColumnReference>
								<ColumnReference Column="Expr1009">
								</ColumnReference>
							</OutputList>
							<ComputeScalar>
								<DefinedValues>
									<DefinedValue>
										<ColumnReference Column="Expr1009">
										</ColumnReference>
										<ScalarOperator ScalarString="CASE WHEN [Expr1014]=(0) THEN NULL ELSE [Expr1015] END">
											<IF>
												<Condition>
													<ScalarOperator>
														<Compare CompareOp="EQ">
															<ScalarOperator>
																<Identifier>
																	<ColumnReference Column="Expr1014">
																	</ColumnReference>
																</Identifier>
															</ScalarOperator>
															<ScalarOperator>
																<Const ConstValue="(0)">
																</Const>
															</ScalarOperator>
														</Compare>
													</ScalarOperator>
												</Condition>
												<Then>
													<ScalarOperator>
														<Const ConstValue="NULL">
														</Const>
													</ScalarOperator>
												</Then>
												<Else>
													<ScalarOperator>
														<Identifier>
															<ColumnReference Column="Expr1015">
															</ColumnReference>
														</Identifier>
													</ScalarOperator>
												</Else>
											</IF>
										</ScalarOperator>
									</DefinedValue>
								</DefinedValues>
								<RelOp NodeId="1" PhysicalOp="Hash Match" LogicalOp="Aggregate" EstimateRows="10000" EstimateIO="0" EstimateCPU="0.361336" AvgRowSize="23" EstimatedTotalSubtreeCost="0.946609" Parallel="0" EstimateRebinds="0" EstimateRewinds="0" EstimatedExecutionMode="Row">
									<OutputList>
										<ColumnReference Database="[Projectpt2]" Schema="[dbo]" Table="[T1]" Column="a">
										</ColumnReference>
										<ColumnReference Database="[Projectpt2]" Schema="[dbo]" Table="[T1]" Column="b">
										</ColumnReference>
										<ColumnReference Database="[Projectpt2]" Schema="[dbo]" Table="[T2]" Column="x">
										</ColumnReference>
										<ColumnReference Column="Expr1014">
										</ColumnReference>
										<ColumnReference Column="Expr1015">
										</ColumnReference>
									</OutputList>
									<MemoryFractions Input="0.145833" Output="1">
									</MemoryFractions>
									<RunTimeInformation>
										<RunTimeCountersPerThread Thread="0" ActualRows="10000" Batches="0" ActualElapsedms="40" ActualCPUms="40" ActualScans="0" ActualLogicalReads="0" ActualPhysicalReads="0" ActualReadAheads="0" ActualLobLogicalReads="0" ActualLobPhysicalReads="0" ActualLobReadAheads="0" ActualEndOfScans="1" ActualExecutions="1" InputMemoryGrant="1696" OutputMemoryGrant="5632" UsedMemoryGrant="896" ActualExecutionMode="Row">
										</RunTimeCountersPerThread>
									</RunTimeInformation>
									<Hash>
										<DefinedValues>
											<DefinedValue>
												<ColumnReference Column="Expr1014">
												</ColumnReference>
												<ScalarOperator ScalarString="COUNT_BIG([Projectpt2].[dbo].[T1].[c])">
													<Aggregate Distinct="0" AggType="COUNT_BIG">
														<ScalarOperator>
															<Identifier>
																<ColumnReference Database="[Projectpt2]" Schema="[dbo]" Table="[T1]" Column="c">
																</ColumnReference>
															</Identifier>
														</ScalarOperator>
													</Aggregate>
												</ScalarOperator>
											</DefinedValue>
											<DefinedValue>
												<ColumnReference Column="Expr1015">
												</ColumnReference>
												<ScalarOperator ScalarString="SUM([Projectpt2].[dbo].[T1].[c])">
													<Aggregate Distinct="0" AggType="SUM">
														<ScalarOperator>
															<Identifier>
																<ColumnReference Database="[Projectpt2]" Schema="[dbo]" Table="[T1]" Column="c">
																</ColumnReference>
															</Identifier>
														</ScalarOperator>
													</Aggregate>
												</ScalarOperator>
											</DefinedValue>
										</DefinedValues>
										<HashKeysBuild>
											<ColumnReference Database="[Projectpt2]" Schema="[dbo]" Table="[T1]" Column="a">
											</ColumnReference>
											<ColumnReference Database="[Projectpt2]" Schema="[dbo]" Table="[T1]" Column="b">
											</ColumnReference>
											<ColumnReference Database="[Projectpt2]" Schema="[dbo]" Table="[T2]" Column="x">
											</ColumnReference>
										</HashKeysBuild>
										<BuildResidual>
											<ScalarOperator ScalarString="[Projectpt2].[dbo].[T1].[a] = [Projectpt2].[dbo].[T1].[a] AND [Projectpt2].[dbo].[T1].[b] = [Projectpt2].[dbo].[T1].[b] AND [Projectpt2].[dbo].[T2].[x] = [Projectpt2].[dbo].[T2].[x]">
												<Logical Operation="AND">
													<ScalarOperator>
														<Logical Operation="AND">
															<ScalarOperator>
																<Compare CompareOp="IS">
																	<ScalarOperator>
																		<Identifier>
																			<ColumnReference Database="[Projectpt2]" Schema="[dbo]" Table="[T1]" Column="a">
																			</ColumnReference>
																		</Identifier>
																	</ScalarOperator>
																	<ScalarOperator>
																		<Identifier>
																			<ColumnReference Database="[Projectpt2]" Schema="[dbo]" Table="[T1]" Column="a">
																			</ColumnReference>
																		</Identifier>
																	</ScalarOperator>
																</Compare>
															</ScalarOperator>
															<ScalarOperator>
																<Compare CompareOp="IS">
																	<ScalarOperator>
																		<Identifier>
																			<ColumnReference Database="[Projectpt2]" Schema="[dbo]" Table="[T1]" Column="b">
																			</ColumnReference>
																		</Identifier>
																	</ScalarOperator>
																	<ScalarOperator>
																		<Identifier>
																			<ColumnReference Database="[Projectpt2]" Schema="[dbo]" Table="[T1]" Column="b">
																			</ColumnReference>
																		</Identifier>
																	</ScalarOperator>
																</Compare>
															</ScalarOperator>
														</Logical>
													</ScalarOperator>
													<ScalarOperator>
														<Compare CompareOp="IS">
															<ScalarOperator>
																<Identifier>
																	<ColumnReference Database="[Projectpt2]" Schema="[dbo]" Table="[T2]" Column="x">
																	</ColumnReference>
																</Identifier>
															</ScalarOperator>
															<ScalarOperator>
																<Identifier>
																	<ColumnReference Database="[Projectpt2]" Schema="[dbo]" Table="[T2]" Column="x">
																	</ColumnReference>
																</Identifier>
															</ScalarOperator>
														</Compare>
													</ScalarOperator>
												</Logical>
											</ScalarOperator>
										</BuildResidual>
										<RelOp NodeId="2" PhysicalOp="Hash Match" LogicalOp="Right Outer Join" EstimateRows="10000" EstimateIO="0" EstimateCPU="0.233336" AvgRowSize="23" EstimatedTotalSubtreeCost="0.585273" Parallel="0" EstimateRebinds="0" EstimateRewinds="0" EstimatedExecutionMode="Row">
											<OutputList>
												<ColumnReference Database="[Projectpt2]" Schema="[dbo]" Table="[T1]" Column="a">
												</ColumnReference>
												<ColumnReference Database="[Projectpt2]" Schema="[dbo]" Table="[T1]" Column="b">
												</ColumnReference>
												<ColumnReference Database="[Projectpt2]" Schema="[dbo]" Table="[T1]" Column="c">
												</ColumnReference>
												<ColumnReference Database="[Projectpt2]" Schema="[dbo]" Table="[T2]" Column="x">
												</ColumnReference>
											</OutputList>
											<MemoryFractions Input="0.479675" Output="0.409722">
											</MemoryFractions>
											<RunTimeInformation>
												<RunTimeCountersPerThread Thread="0" ActualRows="10000" Batches="0" ActualElapsedms="29" ActualCPUms="29" ActualScans="0" ActualLogicalReads="0" ActualPhysicalReads="0" ActualReadAheads="0" ActualLobLogicalReads="0" ActualLobPhysicalReads="0" ActualLobReadAheads="0" ActualEndOfScans="1" ActualExecutions="1" InputMemoryGrant="3232" OutputMemoryGrant="2912" UsedMemoryGrant="904" ActualExecutionMode="Row">
												</RunTimeCountersPerThread>
											</RunTimeInformation>
											<Hash>
												<DefinedValues>
												</DefinedValues>
												<HashKeysBuild>
													<ColumnReference Database="[Projectpt2]" Schema="[dbo]" Table="[T3]" Column="x">
													</ColumnReference>
												</HashKeysBuild>
												<HashKeysProbe>
													<ColumnReference Database="[Projectpt2]" Schema="[dbo]" Table="[T2]" Column="x">
													</ColumnReference>
												</HashKeysProbe>
												<ProbeResidual>
													<ScalarOperator ScalarString="[Projectpt2].[dbo].[T2].[x]=[Projectpt2].[dbo].[T3].[x]">
														<Compare CompareOp="EQ">
															<ScalarOperator>
																<Identifier>
																	<ColumnReference Database="[Projectpt2]" Schema="[dbo]" Table="[T2]" Column="x">
																	</ColumnReference>
																</Identifier>
															</ScalarOperator>
															<ScalarOperator>
																<Identifier>
																	<ColumnReference Database="[Projectpt2]" Schema="[dbo]" Table="[T3]" Column="x">
																	</ColumnReference>
																</Identifier>
															</ScalarOperator>
														</Compare>
													</ScalarOperator>
												</ProbeResidual>
												<RelOp NodeId="3" PhysicalOp="Clustered Index Scan" LogicalOp="Clustered Index Scan" EstimateRows="10000" EstimatedRowsRead="10000" EstimateIO="0.0149769" EstimateCPU="0.011157" AvgRowSize="11" EstimatedTotalSubtreeCost="0.0261339" TableCardinality="10000" Parallel="0" EstimateRebinds="0" EstimateRewinds="0" EstimatedExecutionMode="Row">
													<OutputList>
														<ColumnReference Database="[Projectpt2]" Schema="[dbo]" Table="[T3]" Column="x">
														</ColumnReference>
													</OutputList>
													<RunTimeInformation>
														<RunTimeCountersPerThread Thread="0" ActualRows="10000" Batches="0" ActualElapsedms="2" ActualCPUms="2" ActualScans="1" ActualLogicalReads="19" ActualPhysicalReads="0" ActualReadAheads="0" ActualLobLogicalReads="0" ActualLobPhysicalReads="0" ActualLobReadAheads="0" ActualRowsRead="10000" ActualEndOfScans="1" ActualExecutions="1" ActualExecutionMode="Row">
														</RunTimeCountersPerThread>
													</RunTimeInformation>
													<IndexScan Ordered="0" ForcedIndex="0" ForceScan="0" NoExpandHint="0" Storage="RowStore">
														<DefinedValues>
															<DefinedValue>
																<ColumnReference Database="[Projectpt2]" Schema="[dbo]" Table="[T3]" Column="x">
																</ColumnReference>
															</DefinedValue>
														</DefinedValues>
														<Object Database="[Projectpt2]" Schema="[dbo]" Table="[T3]" Index="[idx_T3_x]" IndexKind="Clustered" Storage="RowStore">
														</Object>
													</IndexScan>
												</RelOp>
												<RelOp NodeId="4" PhysicalOp="Hash Match" LogicalOp="Right Outer Join" EstimateRows="10000" EstimateIO="0" EstimateCPU="0.260193" AvgRowSize="23" EstimatedTotalSubtreeCost="0.325801" Parallel="0" EstimateRebinds="0" EstimateRewinds="0" EstimatedExecutionMode="Row">
													<OutputList>
														<ColumnReference Database="[Projectpt2]" Schema="[dbo]" Table="[T1]" Column="a">
														</ColumnReference>
														<ColumnReference Database="[Projectpt2]" Schema="[dbo]" Table="[T1]" Column="b">
														</ColumnReference>
														<ColumnReference Database="[Projectpt2]" Schema="[dbo]" Table="[T1]" Column="c">
														</ColumnReference>
														<ColumnReference Database="[Projectpt2]" Schema="[dbo]" Table="[T2]" Column="x">
														</ColumnReference>
													</OutputList>
													<MemoryFractions Input="0.520325" Output="0.444444">
													</MemoryFractions>
													<RunTimeInformation>
														<RunTimeCountersPerThread Thread="0" ActualRows="10000" Batches="0" ActualElapsedms="18" ActualCPUms="18" ActualScans="0" ActualLogicalReads="0" ActualPhysicalReads="0" ActualReadAheads="0" ActualLobLogicalReads="0" ActualLobPhysicalReads="0" ActualLobReadAheads="0" ActualEndOfScans="1" ActualExecutions="1" InputMemoryGrant="3416" OutputMemoryGrant="3064" UsedMemoryGrant="896" ActualExecutionMode="Row">
														</RunTimeCountersPerThread>
													</RunTimeInformation>
													<Hash>
														<DefinedValues>
														</DefinedValues>
														<HashKeysBuild>
															<ColumnReference Database="[Projectpt2]" Schema="[dbo]" Table="[T2]" Column="a">
															</ColumnReference>
														</HashKeysBuild>
														<HashKeysProbe>
															<ColumnReference Database="[Projectpt2]" Schema="[dbo]" Table="[T1]" Column="a">
															</ColumnReference>
														</HashKeysProbe>
														<ProbeResidual>
															<ScalarOperator ScalarString="[Projectpt2].[dbo].[T1].[a]=[Projectpt2].[dbo].[T2].[a] AND [Projectpt2].[dbo].[T1].[c]&gt;[Projectpt2].[dbo].[T2].[x]">
																<Logical Operation="AND">
																	<ScalarOperator>
																		<Compare CompareOp="EQ">
																			<ScalarOperator>
																				<Identifier>
																					<ColumnReference Database="[Projectpt2]" Schema="[dbo]" Table="[T1]" Column="a">
																					</ColumnReference>
																				</Identifier>
																			</ScalarOperator>
																			<ScalarOperator>
																				<Identifier>
																					<ColumnReference Database="[Projectpt2]" Schema="[dbo]" Table="[T2]" Column="a">
																					</ColumnReference>
																				</Identifier>
																			</ScalarOperator>
																		</Compare>
																	</ScalarOperator>
																	<ScalarOperator>
																		<Compare CompareOp="GT">
																			<ScalarOperator>
																				<Identifier>
																					<ColumnReference Database="[Projectpt2]" Schema="[dbo]" Table="[T1]" Column="c">
																					</ColumnReference>
																				</Identifier>
																			</ScalarOperator>
																			<ScalarOperator>
																				<Identifier>
																					<ColumnReference Database="[Projectpt2]" Schema="[dbo]" Table="[T2]" Column="x">
																					</ColumnReference>
																				</Identifier>
																			</ScalarOperator>
																		</Compare>
																	</ScalarOperator>
																</Logical>
															</ScalarOperator>
														</ProbeResidual>
														<RelOp NodeId="5" PhysicalOp="Clustered Index Scan" LogicalOp="Clustered Index Scan" EstimateRows="10000" EstimatedRowsRead="10000" EstimateIO="0.0216435" EstimateCPU="0.011157" AvgRowSize="15" EstimatedTotalSubtreeCost="0.0328005" TableCardinality="10000" Parallel="0" EstimateRebinds="0" EstimateRewinds="0" EstimatedExecutionMode="Row">
															<OutputList>
																<ColumnReference Database="[Projectpt2]" Schema="[dbo]" Table="[T2]" Column="a">
																</ColumnReference>
																<ColumnReference Database="[Projectpt2]" Schema="[dbo]" Table="[T2]" Column="x">
																</ColumnReference>
															</OutputList>
															<RunTimeInformation>
																<RunTimeCountersPerThread Thread="0" ActualRows="10000" Batches="0" ActualElapsedms="2" ActualCPUms="2" ActualScans="1" ActualLogicalReads="28" ActualPhysicalReads="0" ActualReadAheads="0" ActualLobLogicalReads="0" ActualLobPhysicalReads="0" ActualLobReadAheads="0" ActualRowsRead="10000" ActualEndOfScans="1" ActualExecutions="1" ActualExecutionMode="Row">
																</RunTimeCountersPerThread>
															</RunTimeInformation>
															<IndexScan Ordered="0" ForcedIndex="0" ForceScan="0" NoExpandHint="0" Storage="RowStore">
																<DefinedValues>
																	<DefinedValue>
																		<ColumnReference Database="[Projectpt2]" Schema="[dbo]" Table="[T2]" Column="a">
																		</ColumnReference>
																	</DefinedValue>
																	<DefinedValue>
																		<ColumnReference Database="[Projectpt2]" Schema="[dbo]" Table="[T2]" Column="x">
																		</ColumnReference>
																	</DefinedValue>
																</DefinedValues>
																<Object Database="[Projectpt2]" Schema="[dbo]" Table="[T2]" Index="[idx_T2_a]" IndexKind="Clustered" Storage="RowStore">
																</Object>
															</IndexScan>
														</RelOp>
														<RelOp NodeId="6" PhysicalOp="Clustered Index Scan" LogicalOp="Clustered Index Scan" EstimateRows="10000" EstimatedRowsRead="10000" EstimateIO="0.0216435" EstimateCPU="0.011157" AvgRowSize="19" EstimatedTotalSubtreeCost="0.0328005" TableCardinality="10000" Parallel="0" EstimateRebinds="0" EstimateRewinds="0" EstimatedExecutionMode="Row">
															<OutputList>
																<ColumnReference Database="[Projectpt2]" Schema="[dbo]" Table="[T1]" Column="a">
																</ColumnReference>
																<ColumnReference Database="[Projectpt2]" Schema="[dbo]" Table="[T1]" Column="b">
																</ColumnReference>
																<ColumnReference Database="[Projectpt2]" Schema="[dbo]" Table="[T1]" Column="c">
																</ColumnReference>
															</OutputList>
															<RunTimeInformation>
																<RunTimeCountersPerThread Thread="0" ActualRows="10000" Batches="0" ActualElapsedms="7" ActualCPUms="7" ActualScans="1" ActualLogicalReads="28" ActualPhysicalReads="0" ActualReadAheads="0" ActualLobLogicalReads="0" ActualLobPhysicalReads="0" ActualLobReadAheads="0" ActualRowsRead="10000" ActualEndOfScans="1" ActualExecutions="1" ActualExecutionMode="Row">
																</RunTimeCountersPerThread>
															</RunTimeInformation>
															<IndexScan Ordered="0" ForcedIndex="0" ForceScan="0" NoExpandHint="0" Storage="RowStore">
																<DefinedValues>
																	<DefinedValue>
																		<ColumnReference Database="[Projectpt2]" Schema="[dbo]" Table="[T1]" Column="a">
																		</ColumnReference>
																	</DefinedValue>
																	<DefinedValue>
																		<ColumnReference Database="[Projectpt2]" Schema="[dbo]" Table="[T1]" Column="b">
																		</ColumnReference>
																	</DefinedValue>
																	<DefinedValue>
																		<ColumnReference Database="[Projectpt2]" Schema="[dbo]" Table="[T1]" Column="c">
																		</ColumnReference>
																	</DefinedValue>
																</DefinedValues>
																<Object Database="[Projectpt2]" Schema="[dbo]" Table="[T1]" Index="[idx_T1_a]" IndexKind="Clustered" Storage="RowStore">
																</Object>
															</IndexScan>
														</RelOp>
													</Hash>
												</RelOp>
											</Hash>
										</RelOp>
									</Hash>
								</RelOp>
							</ComputeScalar>
						</RelOp>
					</QueryPlan>
				</StmtSimple>
			</Statements>
		</Batch>
	</BatchSequence>
</ShowPlanXML>
